
> vite_react_shadcn_ts@0.0.0 dev
> vite


  [32m[1mVITE[22m v5.4.19[39m  [2mready in [0m[1m208[22m[2m[0m ms[22m

  [32mâœ[39m  [1mLocal[22m:   [36mhttp://localhost:[1m8080[22m/[39m
  [32mâœ[39m  [1mNetwork[22m: [36mhttp://192.168.31.170:[1m8080[22m/[39m
[2m[32m  âœ[39m[22m[2m  press [22m[1mh + enter[22m[2m to show help[22m
[2m3:39:36 pm[22m [36m[1m[vite][22m[39m [32mhmr update [39m[2m/src/pages/Reservations.tsx, /src/index.css[22m
[2m3:39:54 pm[22m [36m[1m[vite][22m[39m [32mhmr update [39m[2m/src/pages/Orders.tsx, /src/index.css[22m
[2m3:40:07 pm[22m [36m[1m[vite][22m[39m [32mhmr update [39m[2m/src/pages/Financial.tsx, /src/index.css[22m
[2m3:40:23 pm[22m [36m[1m[vite][22m[39m [32mhmr update [39m[2m/src/pages/Financial.tsx, /src/index.css[22m
[2m3:40:31 pm[22m [36m[1m[vite][22m[39m [32mhmr update [39m[2m/src/pages/Financial.tsx, /src/index.css[22m
[2m3:43:41 pm[22m [36m[1m[vite][22m[39m [32mhmr update [39m[2m/src/pages/Reservations.tsx, /src/index.css[22m
[2m3:43:41 pm[22m [36m[1m[vite][22m[39m [32mhmr update [39m[2m/src/pages/Orders.tsx, /src/index.css[22m
[2m3:43:42 pm[22m [36m[1m[vite][22m[39m [32mhmr update [39m[2m/src/pages/Financial.tsx, /src/index.css[22m
[2m3:56:45 pm[22m [36m[1m[vite][22m[39m [32mhmr update [39m[2m/src/pages/Customers.tsx, /src/index.css[22m
[2m3:56:57 pm[22m [36m[1m[vite][22m[39m [32mhmr update [39m[2m/src/pages/Staff.tsx, /src/index.css[22m
[2m3:57:18 pm[22m [36m[1m[vite][22m[39m [32mhmr update [39m[2m/src/pages/Reservations.tsx, /src/index.css[22m
[2m3:57:39 pm[22m [36m[1m[vite][22m[39m [32mhmr update [39m[2m/src/pages/Orders.tsx, /src/index.css[22m
[2m3:57:59 pm[22m [36m[1m[vite][22m[39m [32mhmr update [39m[2m/src/pages/Orders.tsx, /src/index.css[22m
[2m3:58:13 pm[22m [36m[1m[vite][22m[39m [32mhmr update [39m[2m/src/pages/Orders.tsx, /src/index.css[22m
[2m3:58:25 pm[22m [36m[1m[vite][22m[39m [32mhmr update [39m[2m/src/pages/Financial.tsx, /src/index.css[22m
[2m3:58:37 pm[22m [36m[1m[vite][22m[39m [32mhmr update [39m[2m/src/pages/Orders.tsx, /src/index.css[22m
[2m3:59:11 pm[22m [36m[1m[vite][22m[39m [32mhmr update [39m[2m/src/pages/Customers.tsx, /src/index.css[22m
[2m3:59:11 pm[22m [36m[1m[vite][22m[39m [32mhmr update [39m[2m/src/pages/Staff.tsx, /src/index.css[22m
[2m3:59:11 pm[22m [36m[1m[vite][22m[39m [32mhmr update [39m[2m/src/pages/Reservations.tsx, /src/index.css[22m
[2m3:59:12 pm[22m [36m[1m[vite][22m[39m [32mhmr update [39m[2m/src/pages/Orders.tsx, /src/index.css[22m
[2m3:59:12 pm[22m [36m[1m[vite][22m[39m [32mhmr update [39m[2m/src/pages/Financial.tsx, /src/index.css[22m
[2m4:01:24 pm[22m [36m[1m[vite][22m[39m [32mhmr update [39m[2m/src/pages/Financial.tsx, /src/index.css[22m
[2m4:01:36 pm[22m [36m[1m[vite][22m[39m [32mhmr update [39m[2m/src/pages/Dashboard.tsx, /src/index.css[22m
[2m4:02:18 pm[22m [36m[1m[vite][22m[39m [32mhmr update [39m[2m/src/pages/Financial.tsx, /src/index.css[22m
[2m4:02:18 pm[22m [36m[1m[vite][22m[39m [32mhmr update [39m[2m/src/pages/Dashboard.tsx, /src/index.css[22m
[2m4:04:25 pm[22m [36m[1m[vite][22m[39m [32mhmr update [39m[2m/src/pages/Dashboard.tsx, /src/index.css[22m
[2m4:04:46 pm[22m [36m[1m[vite][22m[39m [32mhmr update [39m[2m/src/pages/Dashboard.tsx, /src/index.css[22m
[2m4:05:16 pm[22m [36m[1m[vite][22m[39m [32mhmr update [39m[2m/src/pages/Dashboard.tsx, /src/index.css[22m
[2m4:05:20 pm[22m [36m[1m[vite][22m[39m [32mhmr update [39m[2m/src/pages/Dashboard.tsx, /src/index.css[22m
[2m4:07:38 pm[22m [36m[1m[vite][22m[39m [32mhmr update [39m[2m/src/pages/Dashboard.tsx, /src/index.css[22m
[2m4:07:48 pm[22m [36m[1m[vite][22m[39m [32mhmr update [39m[2m/src/pages/Dashboard.tsx, /src/index.css[22m
[2m4:07:57 pm[22m [36m[1m[vite][22m[39m [32mhmr update [39m[2m/src/pages/Dashboard.tsx, /src/index.css[22m
[2m4:08:20 pm[22m [36m[1m[vite][22m[39m [32mhmr update [39m[2m/src/pages/Attendance.tsx, /src/index.css[22m
[2m4:08:45 pm[22m [36m[1m[vite][22m[39m [32mhmr update [39m[2m/src/pages/Attendance.tsx, /src/index.css[22m
[2m4:09:04 pm[22m [36m[1m[vite][22m[39m [32mhmr update [39m[2m/src/pages/Attendance.tsx, /src/index.css[22m
[2m4:09:12 pm[22m [36m[1m[vite][22m[39m [32mhmr update [39m[2m/src/pages/Attendance.tsx, /src/index.css[22m
[2m4:12:40 pm[22m [36m[1m[vite][22m[39m [32mhmr update [39m[2m/src/pages/Dashboard.tsx, /src/index.css[22m
[2m4:13:08 pm[22m [36m[1m[vite][22m[39m [32mhmr update [39m[2m/src/pages/Dashboard.tsx, /src/index.css[22m
